24/06/2024 - 18:31:24.- jdpProgram
24/06/2024 - 18:31:24.- terminalSuape
24/06/2024 - 18:31:24.- greatPlaceToWork
24/06/2024 - 18:31:24.- otamericaUnited
24/06/2024 - 18:31:24.- 4
24/06/2024 - 18:31:24.- SELECT * FROM news where active = 1 order by date desc
24/06/2024 - 18:31:15.- jdpProgram
24/06/2024 - 18:31:15.- terminalSuape
24/06/2024 - 18:31:15.- greatPlaceToWork
24/06/2024 - 18:31:15.- otamericaUnited
24/06/2024 - 18:31:15.- 4
24/06/2024 - 18:31:15.- SELECT * FROM news where active = 1 order by date desc
24/06/2024 - 18:31:05.- jdpProgram
24/06/2024 - 18:31:05.- terminalSuape
24/06/2024 - 18:31:05.- greatPlaceToWork
24/06/2024 - 18:31:05.- otamericaUnited
24/06/2024 - 18:31:05.- 4
24/06/2024 - 18:31:05.- SELECT * FROM news where active = 1 order by date desc
24/06/2024 - 18:29:52.- jdpProgram
24/06/2024 - 18:29:52.- terminalSuape
24/06/2024 - 18:29:52.- greatPlaceToWork
24/06/2024 - 18:29:52.- otamericaUnited
24/06/2024 - 18:29:52.- 4
24/06/2024 - 18:29:52.- SELECT * FROM news where active = 1 order by date desc
24/06/2024 - 18:29:43.- jdpProgram
24/06/2024 - 18:29:43.- terminalSuape
24/06/2024 - 18:29:43.- greatPlaceToWork
24/06/2024 - 18:29:43.- otamericaUnited
24/06/2024 - 18:29:43.- 4
24/06/2024 - 18:29:43.- SELECT * FROM news where active = 1 order by date desc
24/06/2024 - 18:12:21.- jdpProgram
24/06/2024 - 18:12:21.- terminalSuape
24/06/2024 - 18:12:21.- greatPlaceToWork
24/06/2024 - 18:12:21.- otamericaUnited
24/06/2024 - 18:12:21.- 4
24/06/2024 - 18:12:21.- SELECT * FROM news where active = 1 order by date desc
24/06/2024 - 18:11:31.- jdpProgram
24/06/2024 - 18:11:31.- terminalSuape
24/06/2024 - 18:11:31.- greatPlaceToWork
24/06/2024 - 18:11:31.- otamericaUnited
24/06/2024 - 18:11:31.- 4
24/06/2024 - 18:11:31.- SELECT * FROM news where active = 1 order by date desc
24/06/2024 - 18:11:21.- jdpProgram
24/06/2024 - 18:11:21.- terminalSuape
24/06/2024 - 18:11:21.- greatPlaceToWork
24/06/2024 - 18:11:21.- otamericaUnited
24/06/2024 - 18:11:21.- 4
24/06/2024 - 18:11:21.- SELECT * FROM news where active = 1 order by date desc
24/06/2024 - 18:07:58.- jdpProgram
24/06/2024 - 18:07:58.- terminalSuape
24/06/2024 - 18:07:58.- greatPlaceToWork
24/06/2024 - 18:07:58.- otamericaUnited
24/06/2024 - 18:07:58.- 4
24/06/2024 - 18:07:57.- SELECT * FROM news where active = 1 order by date desc
06/06/2024 - 14:21:27.- jdpProgram
06/06/2024 - 14:21:27.- terminalSuape
06/06/2024 - 14:21:27.- greatPlaceToWork
06/06/2024 - 14:21:27.- otamericaUnited
06/06/2024 - 14:21:27.- 4
06/06/2024 - 14:21:27.- SELECT * FROM news where active = 1 order by date desc
29/04/2024 - 19:46:10.- jdpProgram
29/04/2024 - 19:46:10.- terminalSuape
29/04/2024 - 19:46:10.- greatPlaceToWork
29/04/2024 - 19:46:10.- otamericaUnited
29/04/2024 - 19:46:10.- 4
29/04/2024 - 19:46:10.- SELECT * FROM news where active = 1 order by date desc
10/10/2023 - 13:59:44.- ..\..\files\peru/1.-politica-del-sistema-integrado-de-gestion.pdf
10/10/2023 - 13:56:21.- ..\..\files\peru/doc-0020-lqs-politica-del-sig.pdf
23/05/2023 - 17:03:27.- ..\..\files\argentina/certificates/Brandsen, Buenos Aires_Certificate_ISO 9001.pdf
23/05/2023 - 17:02:58.- ..\..\files\argentina/certificates/Brandsen, Buenos Aires_Certificate_ISO 9001.pdf
07/12/2022 - 18:44:39.- ..\..\proyecto\disponibles_para_entrega\solicitud_e1722253fb37c1da2fd49cad7826386d.pdf
07/12/2022 - 18:44:39.- $solicitud_id
07/12/2022 - 18:44:13.- ..\..\proyecto\disponibles_para_entrega\solicitud_e1722253fb37c1da2fd49cad7826386d.pdf
07/12/2022 - 18:44:13.- $solicitud_id
07/12/2022 - 18:39:35.- ..\..\files\argentina/Oiltanking-Ebytem_Puerto-Rosales_Petrobras-Pipeline_Public-Info.pdf
07/12/2022 - 18:34:41.- ..\..\files\argentina/Oiltanking-Ebytem_Puerto-Rosales_Petrobras-Pipeline_Public-Info.pdf
07/12/2022 - 14:35:41.- ..\Files\argentina/Oiltanking-Ebytem_Puerto-Rosales_Petrobras-Pipeline_Public-Info.pdf
